# JRE version: Java(TM) SE Runtime Environment (8.0_101-b13) (build 1.8.0_101-b13)
# Java VM: Java HotSpot(TM) 64-Bit Server VM (25.101-b13 mixed mode windows-amd64 compressed oops)
Heap:
 PSYoungGen      total 308224K, used 284861K [0x00000000e0980000, 0x0000000100000000, 0x0000000100000000)
  eden space 178688K, 86% used [0x00000000e0980000,0x00000000ea1309a8,0x00000000eb800000)
  from space 129536K, 99% used [0x00000000f8180000,0x00000000ffffec80,0x0000000100000000)
  to   space 167936K, 0% used [0x00000000eb800000,0x00000000eb800000,0x00000000f5c00000)
 ParOldGen       total 198656K, used 147937K [0x00000000a1c00000, 0x00000000ade00000, 0x00000000e0980000)
  object space 198656K, 74% used [0x00000000a1c00000,0x00000000aac78518,0x00000000ade00000)
 Metaspace       used 62408K, capacity 64145K, committed 64304K, reserved 1105920K
  class space    used 8363K, capacity 8751K, committed 8752K, reserved 1048576K
GC Heap History (10 events):
Event: 82927.156 GC heap before
{Heap before GC invocations=23 (full 3):
 PSYoungGen      total 378880K, used 378672K [0x00000000e0980000, 0x00000000ff600000, 0x0000000100000000)
  eden space 326144K, 100% used [0x00000000e0980000,0x00000000f4800000,0x00000000f4800000)
  from space 52736K, 99% used [0x00000000f5500000,0x00000000f884c138,0x00000000f8880000)
  to   space 89088K, 0% used [0x00000000f9f00000,0x00000000f9f00000,0x00000000ff600000)
 ParOldGen       total 198656K, used 136209K [0x00000000a1c00000, 0x00000000ade00000, 0x00000000e0980000)
  object space 198656K, 68% used [0x00000000a1c00000,0x00000000aa104600,0x00000000ade00000)
 Metaspace       used 56534K, capacity 57865K, committed 58288K, reserved 1099776K
  class space    used 7491K, capacity 7746K, committed 7856K, reserved 1048576K
Event: 82927.412 GC heap after
Heap after GC invocations=23 (full 3):
 PSYoungGen      total 402432K, used 70320K [0x00000000e0980000, 0x00000000ff880000, 0x0000000100000000)
  eden space 313344K, 0% used [0x00000000e0980000,0x00000000e0980000,0x00000000f3b80000)
  from space 89088K, 78% used [0x00000000f9f00000,0x00000000fe3ac348,0x00000000ff600000)
  to   space 96768K, 0% used [0x00000000f3b80000,0x00000000f3b80000,0x00000000f9a00000)
 ParOldGen       total 198656K, used 136217K [0x00000000a1c00000, 0x00000000ade00000, 0x00000000e0980000)
  object space 198656K, 68% used [0x00000000a1c00000,0x00000000aa106600,0x00000000ade00000)
 Metaspace       used 56534K, capacity 57865K, committed 58288K, reserved 1099776K
  class space    used 7491K, capacity 7746K, committed 7856K, reserved 1048576K
}
Event: 169658.127 GC heap before
{Heap before GC invocations=24 (full 3):
 PSYoungGen      total 402432K, used 383664K [0x00000000e0980000, 0x00000000ff880000, 0x0000000100000000)
  eden space 313344K, 100% used [0x00000000e0980000,0x00000000f3b80000,0x00000000f3b80000)
  from space 89088K, 78% used [0x00000000f9f00000,0x00000000fe3ac348,0x00000000ff600000)
  to   space 96768K, 0% used [0x00000000f3b80000,0x00000000f3b80000,0x00000000f9a00000)
 ParOldGen       total 198656K, used 136217K [0x00000000a1c00000, 0x00000000ade00000, 0x00000000e0980000)
  object space 198656K, 68% used [0x00000000a1c00000,0x00000000aa106600,0x00000000ade00000)
 Metaspace       used 57265K, capacity 58581K, committed 58800K, reserved 1099776K
  class space    used 7596K, capacity 7854K, committed 7856K, reserved 1048576K
Event: 169658.343 GC heap after
Heap after GC invocations=24 (full 3):
 PSYoungGen      total 397312K, used 95944K [0x00000000e0980000, 0x0000000100000000, 0x0000000100000000)
  eden space 301056K, 0% used [0x00000000e0980000,0x00000000e0980000,0x00000000f2f80000)
  from space 96256K, 99% used [0x00000000f3b80000,0x00000000f99323c0,0x00000000f9980000)
  to   space 104960K, 0% used [0x00000000f9980000,0x00000000f9980000,0x0000000100000000)
 ParOldGen       total 198656K, used 136225K [0x00000000a1c00000, 0x00000000ade00000, 0x00000000e0980000)
  object space 198656K, 68% used [0x00000000a1c00000,0x00000000aa108600,0x00000000ade00000)
 Metaspace       used 57265K, capacity 58581K, committed 58800K, reserved 1099776K
  class space    used 7596K, capacity 7854K, committed 7856K, reserved 1048576K
}
Event: 171788.188 GC heap before
{Heap before GC invocations=25 (full 3):
 PSYoungGen      total 397312K, used 397000K [0x00000000e0980000, 0x0000000100000000, 0x0000000100000000)
  eden space 301056K, 100% used [0x00000000e0980000,0x00000000f2f80000,0x00000000f2f80000)
  from space 96256K, 99% used [0x00000000f3b80000,0x00000000f99323c0,0x00000000f9980000)
  to   space 104960K, 0% used [0x00000000f9980000,0x00000000f9980000,0x0000000100000000)
 ParOldGen       total 198656K, used 136225K [0x00000000a1c00000, 0x00000000ade00000, 0x00000000e0980000)
  object space 198656K, 68% used [0x00000000a1c00000,0x00000000aa108600,0x00000000ade00000)
 Metaspace       used 59467K, capacity 60861K, committed 60976K, reserved 1101824K
  class space    used 7901K, capacity 8186K, committed 8240K, reserved 1048576K
Event: 171788.325 GC heap after
Heap after GC invocations=25 (full 3):
 PSYoungGen      total 367616K, used 98819K [0x00000000e0980000, 0x0000000100000000, 0x0000000100000000)
  eden space 262656K, 0% used [0x00000000e0980000,0x00000000e0980000,0x00000000f0a00000)
  from space 104960K, 94% used [0x00000000f9980000,0x00000000ffa00d78,0x0000000100000000)
  to   space 125952K, 0% used [0x00000000f0a00000,0x00000000f0a00000,0x00000000f8500000)
 ParOldGen       total 198656K, used 136233K [0x00000000a1c00000, 0x00000000ade00000, 0x00000000e0980000)
  object space 198656K, 68% used [0x00000000a1c00000,0x00000000aa10a600,0x00000000ade00000)
 Metaspace       used 59467K, capacity 60861K, committed 60976K, reserved 1101824K
  class space    used 7901K, capacity 8186K, committed 8240K, reserved 1048576K
}
Event: 172010.256 GC heap before
{Heap before GC invocations=26 (full 3):
 PSYoungGen      total 367616K, used 361475K [0x00000000e0980000, 0x0000000100000000, 0x0000000100000000)
  eden space 262656K, 100% used [0x00000000e0980000,0x00000000f0a00000,0x00000000f0a00000)
  from space 104960K, 94% used [0x00000000f9980000,0x00000000ffa00d78,0x0000000100000000)
  to   space 125952K, 0% used [0x00000000f0a00000,0x00000000f0a00000,0x00000000f8500000)
 ParOldGen       total 198656K, used 136233K [0x00000000a1c00000, 0x00000000ade00000, 0x00000000e0980000)
  object space 198656K, 68% used [0x00000000a1c00000,0x00000000aa10a600,0x00000000ade00000)
 Metaspace       used 60250K, capacity 61671K, committed 61872K, reserved 1103872K
  class space    used 8020K, capacity 8328K, committed 8368K, reserved 1048576K
Event: 172010.410 GC heap after
Heap after GC invocations=26 (full 3):
 PSYoungGen      total 375296K, used 122295K [0x00000000e0980000, 0x0000000100000000, 0x0000000100000000)
  eden space 252928K, 0% used [0x00000000e0980000,0x00000000e0980000,0x00000000f0080000)
  from space 122368K, 99% used [0x00000000f0a00000,0x00000000f816de20,0x00000000f8180000)
  to   space 129536K, 0% used [0x00000000f8180000,0x00000000f8180000,0x0000000100000000)
 ParOldGen       total 198656K, used 136241K [0x00000000a1c00000, 0x00000000ade00000, 0x00000000e0980000)
  object space 198656K, 68% used [0x00000000a1c00000,0x00000000aa10c600,0x00000000ade00000)
 Metaspace       used 60250K, capacity 61671K, committed 61872K, reserved 1103872K
  class space    used 8020K, capacity 8328K, committed 8368K, reserved 1048576K
}
Event: 172096.123 GC heap before
{Heap before GC invocations=27 (full 3):
 PSYoungGen      total 375296K, used 375223K [0x00000000e0980000, 0x0000000100000000, 0x0000000100000000)
  eden space 252928K, 100% used [0x00000000e0980000,0x00000000f0080000,0x00000000f0080000)
  from space 122368K, 99% used [0x00000000f0a00000,0x00000000f816de20,0x00000000f8180000)
  to   space 129536K, 0% used [0x00000000f8180000,0x00000000f8180000,0x0000000100000000)
 ParOldGen       total 198656K, used 136241K [0x00000000a1c00000, 0x00000000ade00000, 0x00000000e0980000)
  object space 198656K, 68% used [0x00000000a1c00000,0x00000000aa10c600,0x00000000ade00000)
 Metaspace       used 61454K, capacity 62921K, committed 63152K, reserved 1103872K
  class space    used 8213K, capacity 8547K, committed 8624K, reserved 1048576K
Event: 172096.293 GC heap after
Heap after GC invocations=27 (full 3):
 PSYoungGen      total 308224K, used 129531K [0x00000000e0980000, 0x0000000100000000, 0x0000000100000000)
  eden space 178688K, 0% used [0x00000000e0980000,0x00000000e0980000,0x00000000eb800000)
  from space 129536K, 99% used [0x00000000f8180000,0x00000000ffffec80,0x0000000100000000)
  to   space 167936K, 0% used [0x00000000eb800000,0x00000000eb800000,0x00000000f5c00000)
 ParOldGen       total 198656K, used 147937K [0x00000000a1c00000, 0x00000000ade00000, 0x00000000e0980000)
  object space 198656K, 74% used [0x00000000a1c00000,0x00000000aac78518,0x00000000ade00000)
 Metaspace       used 61454K, capacity 62921K, committed 63152K, reserved 1103872K
  class space    used 8213K, capacity 8547K, committed 8624K, reserved 1048576K
}

